<?xml version="1.0" encoding="UTF-8"?>
<!-- Generated by org.testng.reporters.JUnitXMLReporter -->
<testsuite ignored="5" hostname="DESKTOP-3CMM59S" failures="0" tests="6" name="Test" time="69.935" errors="0" timestamp="2023-09-01T19:43:10 IST">
  <testcase classname="TestCases.RegisterTestCase" name="Register" time="1.491"/>
  <testcase classname="TestCases.VerifyAddToCartPriceTestCase" name="verifycartprice" time="3.229"/>
  <testcase classname="TestCases.ContactUsFormTestCase" name="contactusform" time="2.004"/>
  <testcase classname="TestCases.LoginTestCase" name="Login" time="2.821"/>
  <testcase classname="TestCases.VerifyFooter" name="footer" time="12.892"/>
  <testcase classname="TestCases.AddtoCartTestCase" name="addtocart" time="6.101"/>
  <testcase classname="Resource.BaseClass" name="@BeforeTest launchURL" time="0.0">
    <ignored/>
  </testcase> <!-- @BeforeTest launchURL -->
  <testcase classname="Resource.BaseClass" name="@BeforeTest launchURL" time="0.0">
    <ignored/>
  </testcase> <!-- @BeforeTest launchURL -->
  <testcase classname="Resource.BaseClass" name="@BeforeTest launchURL" time="0.0">
    <ignored/>
  </testcase> <!-- @BeforeTest launchURL -->
  <testcase classname="Resource.BaseClass" name="@BeforeTest launchURL" time="0.0">
    <ignored/>
  </testcase> <!-- @BeforeTest launchURL -->
  <testcase classname="Resource.BaseClass" name="@BeforeTest launchURL" time="0.0">
    <ignored/>
  </testcase> <!-- @BeforeTest launchURL -->
</testsuite> <!-- Test -->
