<?xml version="1.0" encoding="UTF-8"?>
<testng-results ignored="0" total="1" passed="1" failed="0" skipped="0">
  <reporter-output>
  </reporter-output>
  <suite started-at="2023-09-01T19:44:56 IST" name="Default suite" finished-at="2023-09-01T19:45:13 IST" duration-ms="17556">
    <groups>
    </groups>
    <test started-at="2023-09-01T19:44:56 IST" name="Default test" finished-at="2023-09-01T19:45:13 IST" duration-ms="17556">
      <class name="TestCases.LoginTestCase">
        <test-method is-config="true" signature="launchURL()[pri:0, instance:TestCases.LoginTestCase@1de5f259]" started-at="2023-09-01T19:44:56 IST" name="launchURL" finished-at="2023-09-01T19:45:02 IST" duration-ms="5819" status="PASS">
          <reporter-output>
          </reporter-output>
        </test-method> <!-- launchURL -->
        <test-method is-config="true" signature="launchURL()[pri:0, instance:TestCases.LoginTestCase@1de5f259]" started-at="2023-09-01T19:45:02 IST" name="launchURL" finished-at="2023-09-01T19:45:06 IST" duration-ms="4707" status="PASS">
          <reporter-output>
          </reporter-output>
        </test-method> <!-- launchURL -->
        <test-method signature="Login()[pri:0, instance:TestCases.LoginTestCase@1de5f259]" started-at="2023-09-01T19:45:06 IST" name="Login" finished-at="2023-09-01T19:45:13 IST" duration-ms="6799" status="PASS">
          <reporter-output>
          </reporter-output>
        </test-method> <!-- Login -->
        <test-method is-config="true" signature="driverclose()[pri:0, instance:TestCases.LoginTestCase@1de5f259]" started-at="2023-09-01T19:45:13 IST" name="driverclose" finished-at="2023-09-01T19:45:13 IST" duration-ms="185" status="PASS">
          <reporter-output>
          </reporter-output>
        </test-method> <!-- driverclose -->
      </class> <!-- TestCases.LoginTestCase -->
    </test> <!-- Default test -->
  </suite> <!-- Default suite -->
</testng-results>
